<?xml version="1.0" encoding="UTF-8"?>
<testsuite xmlns:xsi="http://www.w3.org/2001/XMLSchema-instance" xsi:noNamespaceSchemaLocation="https://maven.apache.org/surefire/maven-surefire-plugin/xsd/surefire-test-report.xsd" version="3.0.2" name="org.pamenon.GreetingEventTest" time="5.546" tests="1" errors="0" skipped="0" failures="0">
  <properties>
    <property name="java.specification.version" value="17"/>
    <property name="test.url" value="http://localhost:8081"/>
    <property name="sun.jnu.encoding" value="UTF-8"/>
    <property name="io.quarkus.security.http.test-if-basic-auth-implicitly-required" value="true"/>
    <property name="java.class.path" value="/Users/paulomenon/Documents/projects/LJC-demo/my-hello-app/target/test-classes:/Users/paulomenon/Documents/projects/LJC-demo/my-hello-app/target/classes:/Users/paulomenon/.m2/repository/io/quarkus/quarkus-arc/3.17.3/quarkus-arc-3.17.3.jar:/Users/paulomenon/.m2/repository/io/quarkus/arc/arc/3.17.3/arc-3.17.3.jar:/Users/paulomenon/.m2/repository/jakarta/enterprise/jakarta.enterprise.cdi-api/4.1.0/jakarta.enterprise.cdi-api-4.1.0.jar:/Users/paulomenon/.m2/repository/jakarta/enterprise/jakarta.enterprise.lang-model/4.1.0/jakarta.enterprise.lang-model-4.1.0.jar:/Users/paulomenon/.m2/repository/jakarta/el/jakarta.el-api/5.0.1/jakarta.el-api-5.0.1.jar:/Users/paulomenon/.m2/repository/jakarta/interceptor/jakarta.interceptor-api/2.2.0/jakarta.interceptor-api-2.2.0.jar:/Users/paulomenon/.m2/repository/jakarta/annotation/jakarta.annotation-api/3.0.0/jakarta.annotation-api-3.0.0.jar:/Users/paulomenon/.m2/repository/jakarta/transaction/jakarta.transaction-api/2.0.1/jakarta.transaction-api-2.0.1.jar:/Users/paulomenon/.m2/repository/io/smallrye/reactive/mutiny/2.6.2/mutiny-2.6.2.jar:/Users/paulomenon/.m2/repository/io/smallrye/common/smallrye-common-annotation/2.8.0/smallrye-common-annotation-2.8.0.jar:/Users/paulomenon/.m2/repository/org/jctools/jctools-core/4.0.5/jctools-core-4.0.5.jar:/Users/paulomenon/.m2/repository/org/jboss/logging/jboss-logging/3.6.1.Final/jboss-logging-3.6.1.Final.jar:/Users/paulomenon/.m2/repository/io/quarkus/quarkus-core/3.17.3/quarkus-core-3.17.3.jar:/Users/paulomenon/.m2/repository/jakarta/inject/jakarta.inject-api/2.0.1/jakarta.inject-api-2.0.1.jar:/Users/paulomenon/.m2/repository/io/smallrye/common/smallrye-common-os/2.8.0/smallrye-common-os-2.8.0.jar:/Users/paulomenon/.m2/repository/io/quarkus/quarkus-ide-launcher/3.17.3/quarkus-ide-launcher-3.17.3.jar:/Users/paulomenon/.m2/repository/io/quarkus/quarkus-development-mode-spi/3.17.3/quarkus-development-mode-spi-3.17.3.jar:/Users/paulomenon/.m2/repository/io/smallrye/config/smallrye-config/3.10.2/smallrye-config-3.10.2.jar:/Users/paulomenon/.m2/repository/io/smallrye/config/smallrye-config-core/3.10.2/smallrye-config-core-3.10.2.jar:/Users/paulomenon/.m2/repository/org/eclipse/microprofile/config/microprofile-config-api/3.1/microprofile-config-api-3.1.jar:/Users/paulomenon/.m2/repository/io/smallrye/common/smallrye-common-classloader/2.8.0/smallrye-common-classloader-2.8.0.jar:/Users/paulomenon/.m2/repository/io/smallrye/config/smallrye-config-common/3.10.2/smallrye-config-common-3.10.2.jar:/Users/paulomenon/.m2/repository/org/jboss/logmanager/jboss-logmanager/3.1.0.Final/jboss-logmanager-3.1.0.Final.jar:/Users/paulomenon/.m2/repository/io/smallrye/common/smallrye-common-constraint/2.8.0/smallrye-common-constraint-2.8.0.jar:/Users/paulomenon/.m2/repository/io/smallrye/common/smallrye-common-cpu/2.8.0/smallrye-common-cpu-2.8.0.jar:/Users/paulomenon/.m2/repository/io/smallrye/common/smallrye-common-expression/2.8.0/smallrye-common-expression-2.8.0.jar:/Users/paulomenon/.m2/repository/io/smallrye/common/smallrye-common-net/2.8.0/smallrye-common-net-2.8.0.jar:/Users/paulomenon/.m2/repository/io/smallrye/common/smallrye-common-ref/2.8.0/smallrye-common-ref-2.8.0.jar:/Users/paulomenon/.m2/repository/jakarta/json/jakarta.json-api/2.1.3/jakarta.json-api-2.1.3.jar:/Users/paulomenon/.m2/repository/org/eclipse/parsson/parsson/1.1.7/parsson-1.1.7.jar:/Users/paulomenon/.m2/repository/org/jboss/logging/jboss-logging-annotations/3.0.2.Final/jboss-logging-annotations-3.0.2.Final.jar:/Users/paulomenon/.m2/repository/org/jboss/threads/jboss-threads/3.8.0.Final/jboss-threads-3.8.0.Final.jar:/Users/paulomenon/.m2/repository/io/smallrye/common/smallrye-common-function/2.8.0/smallrye-common-function-2.8.0.jar:/Users/paulomenon/.m2/repository/org/slf4j/slf4j-api/2.0.6/slf4j-api-2.0.6.jar:/Users/paulomenon/.m2/repository/org/jboss/slf4j/slf4j-jboss-logmanager/2.0.0.Final/slf4j-jboss-logmanager-2.0.0.Final.jar:/Users/paulomenon/.m2/repository/org/wildfly/common/wildfly-common/1.7.0.Final/wildfly-common-1.7.0.Final.jar:/Users/paulomenon/.m2/repository/io/quarkus/quarkus-bootstrap-runner/3.17.3/quarkus-bootstrap-runner-3.17.3.jar:/Users/paulomenon/.m2/repository/io/github/crac/org-crac/0.1.3/org-crac-0.1.3.jar:/Users/paulomenon/.m2/repository/io/quarkus/quarkus-fs-util/0.0.10/quarkus-fs-util-0.0.10.jar:/Users/paulomenon/.m2/repository/org/eclipse/microprofile/context-propagation/microprofile-context-propagation-api/1.3/microprofile-context-propagation-api-1.3.jar:/Users/paulomenon/.m2/repository/io/quarkus/quarkus-resteasy-jackson/3.17.3/quarkus-resteasy-jackson-3.17.3.jar:/Users/paulomenon/.m2/repository/io/quarkus/quarkus-resteasy/3.17.3/quarkus-resteasy-3.17.3.jar:/Users/paulomenon/.m2/repository/io/quarkus/quarkus-vertx-http/3.17.3/quarkus-vertx-http-3.17.3.jar:/Users/paulomenon/.m2/repository/io/quarkus/quarkus-security-runtime-spi/3.17.3/quarkus-security-runtime-spi-3.17.3.jar:/Users/paulomenon/.m2/repository/io/quarkus/quarkus-tls-registry/3.17.3/quarkus-tls-registry-3.17.3.jar:/Users/paulomenon/.m2/repository/io/quarkus/quarkus-credentials/3.17.3/quarkus-credentials-3.17.3.jar:/Users/paulomenon/.m2/repository/io/quarkus/quarkus-mutiny/3.17.3/quarkus-mutiny-3.17.3.jar:/Users/paulomenon/.m2/repository/io/quarkus/quarkus-smallrye-context-propagation/3.17.3/quarkus-smallrye-context-propagation-3.17.3.jar:/Users/paulomenon/.m2/repository/io/smallrye/smallrye-context-propagation/2.1.2/smallrye-context-propagation-2.1.2.jar:/Users/paulomenon/.m2/repository/io/smallrye/smallrye-context-propagation-api/2.1.2/smallrye-context-propagation-api-2.1.2.jar:/Users/paulomenon/.m2/repository/io/smallrye/smallrye-context-propagation-storage/2.1.2/smallrye-context-propagation-storage-2.1.2.jar:/Users/paulomenon/.m2/repository/io/smallrye/reactive/mutiny-smallrye-context-propagation/2.6.2/mutiny-smallrye-context-propagation-2.6.2.jar:/Users/paulomenon/.m2/repository/io/smallrye/common/smallrye-common-vertx-context/2.8.0/smallrye-common-vertx-context-2.8.0.jar:/Users/paulomenon/.m2/repository/io/vertx/vertx-core/4.5.11/vertx-core-4.5.11.jar:/Users/paulomenon/.m2/repository/io/netty/netty-common/4.1.115.Final/netty-common-4.1.115.Final.jar:/Users/paulomenon/.m2/repository/io/netty/netty-buffer/4.1.115.Final/netty-buffer-4.1.115.Final.jar:/Users/paulomenon/.m2/repository/io/netty/netty-transport/4.1.115.Final/netty-transport-4.1.115.Final.jar:/Users/paulomenon/.m2/repository/io/netty/netty-handler/4.1.115.Final/netty-handler-4.1.115.Final.jar:/Users/paulomenon/.m2/repository/io/netty/netty-transport-native-unix-common/4.1.115.Final/netty-transport-native-unix-common-4.1.115.Final.jar:/Users/paulomenon/.m2/repository/io/netty/netty-handler-proxy/4.1.115.Final/netty-handler-proxy-4.1.115.Final.jar:/Users/paulomenon/.m2/repository/io/netty/netty-codec-socks/4.1.115.Final/netty-codec-socks-4.1.115.Final.jar:/Users/paulomenon/.m2/repository/io/netty/netty-codec-http/4.1.115.Final/netty-codec-http-4.1.115.Final.jar:/Users/paulomenon/.m2/repository/io/netty/netty-codec-http2/4.1.115.Final/netty-codec-http2-4.1.115.Final.jar:/Users/paulomenon/.m2/repository/io/netty/netty-resolver/4.1.115.Final/netty-resolver-4.1.115.Final.jar:/Users/paulomenon/.m2/repository/io/netty/netty-resolver-dns/4.1.115.Final/netty-resolver-dns-4.1.115.Final.jar:/Users/paulomenon/.m2/repository/io/netty/netty-codec-dns/4.1.115.Final/netty-codec-dns-4.1.115.Final.jar:/Users/paulomenon/.m2/repository/io/quarkus/security/quarkus-security/2.2.0/quarkus-security-2.2.0.jar:/Users/paulomenon/.m2/repository/io/quarkus/quarkus-vertx/3.17.3/quarkus-vertx-3.17.3.jar:/Users/paulomenon/.m2/repository/io/quarkus/quarkus-netty/3.17.3/quarkus-netty-3.17.3.jar:/Users/paulomenon/.m2/repository/io/netty/netty-codec/4.1.115.Final/netty-codec-4.1.115.Final.jar:/Users/paulomenon/.m2/repository/io/netty/netty-codec-haproxy/4.1.115.Final/netty-codec-haproxy-4.1.115.Final.jar:/Users/paulomenon/.m2/repository/io/quarkus/quarkus-virtual-threads/3.17.3/quarkus-virtual-threads-3.17.3.jar:/Users/paulomenon/.m2/repository/io/quarkus/quarkus-vertx-latebound-mdc-provider/3.17.3/quarkus-vertx-latebound-mdc-provider-3.17.3.jar:/Users/paulomenon/.m2/repository/io/smallrye/reactive/smallrye-mutiny-vertx-core/3.16.0/smallrye-mutiny-vertx-core-3.16.0.jar:/Users/paulomenon/.m2/repository/io/smallrye/reactive/smallrye-mutiny-vertx-runtime/3.16.0/smallrye-mutiny-vertx-runtime-3.16.0.jar:/Users/paulomenon/.m2/repository/io/smallrye/reactive/vertx-mutiny-generator/3.16.0/vertx-mutiny-generator-3.16.0.jar:/Users/paulomenon/.m2/repository/io/vertx/vertx-codegen/4.5.11/vertx-codegen-4.5.11.jar:/Users/paulomenon/.m2/repository/io/smallrye/smallrye-fault-tolerance-vertx/6.6.3/smallrye-fault-tolerance-vertx-6.6.3.jar:/Users/paulomenon/.m2/repository/io/smallrye/reactive/smallrye-mutiny-vertx-web/3.16.0/smallrye-mutiny-vertx-web-3.16.0.jar:/Users/paulomenon/.m2/repository/io/smallrye/reactive/smallrye-mutiny-vertx-web-common/3.16.0/smallrye-mutiny-vertx-web-common-3.16.0.jar:/Users/paulomenon/.m2/repository/io/smallrye/reactive/smallrye-mutiny-vertx-auth-common/3.16.0/smallrye-mutiny-vertx-auth-common-3.16.0.jar:/Users/paulomenon/.m2/repository/io/smallrye/reactive/smallrye-mutiny-vertx-bridge-common/3.16.0/smallrye-mutiny-vertx-bridge-common-3.16.0.jar:/Users/paulomenon/.m2/repository/io/smallrye/reactive/smallrye-mutiny-vertx-uri-template/3.16.0/smallrye-mutiny-vertx-uri-template-3.16.0.jar:/Users/paulomenon/.m2/repository/io/vertx/vertx-uri-template/4.5.11/vertx-uri-template-4.5.11.jar:/Users/paulomenon/.m2/repository/io/vertx/vertx-web/4.5.11/vertx-web-4.5.11.jar:/Users/paulomenon/.m2/repository/io/vertx/vertx-web-common/4.5.11/vertx-web-common-4.5.11.jar:/Users/paulomenon/.m2/repository/io/vertx/vertx-auth-common/4.5.11/vertx-auth-common-4.5.11.jar:/Users/paulomenon/.m2/repository/io/vertx/vertx-bridge-common/4.5.11/vertx-bridge-common-4.5.11.jar:/Users/paulomenon/.m2/repository/com/aayushatharva/brotli4j/brotli4j/1.16.0/brotli4j-1.16.0.jar:/Users/paulomenon/.m2/repository/com/aayushatharva/brotli4j/service/1.16.0/service-1.16.0.jar:/Users/paulomenon/.m2/repository/com/aayushatharva/brotli4j/native-osx-x86_64/1.16.0/native-osx-x86_64-1.16.0.jar:/Users/paulomenon/.m2/repository/io/quarkus/vertx/utils/quarkus-vertx-utils/3.17.3/quarkus-vertx-utils-3.17.3.jar:/Users/paulomenon/.m2/repository/io/quarkus/quarkus-resteasy-server-common/3.17.3/quarkus-resteasy-server-common-3.17.3.jar:/Users/paulomenon/.m2/repository/io/quarkus/quarkus-resteasy-common/3.17.3/quarkus-resteasy-common-3.17.3.jar:/Users/paulomenon/.m2/repository/org/jboss/resteasy/microprofile/microprofile-config/3.0.0.Final/microprofile-config-3.0.0.Final.jar:/Users/paulomenon/.m2/repository/jakarta/servlet/jakarta.servlet-api/6.0.0/jakarta.servlet-api-6.0.0.jar:/Users/paulomenon/.m2/repository/org/jboss/resteasy/resteasy-cdi/6.2.11.Final/resteasy-cdi-6.2.11.Final.jar:/Users/paulomenon/.m2/repository/jakarta/validation/jakarta.validation-api/3.0.2/jakarta.validation-api-3.0.2.jar:/Users/paulomenon/.m2/repository/io/quarkus/quarkus-jackson/3.17.3/quarkus-jackson-3.17.3.jar:/Users/paulomenon/.m2/repository/com/fasterxml/jackson/core/jackson-databind/2.18.2/jackson-databind-2.18.2.jar:/Users/paulomenon/.m2/repository/com/fasterxml/jackson/datatype/jackson-datatype-jsr310/2.18.2/jackson-datatype-jsr310-2.18.2.jar:/Users/paulomenon/.m2/repository/com/fasterxml/jackson/datatype/jackson-datatype-jdk8/2.18.2/jackson-datatype-jdk8-2.18.2.jar:/Users/paulomenon/.m2/repository/com/fasterxml/jackson/module/jackson-module-parameter-names/2.18.2/jackson-module-parameter-names-2.18.2.jar:/Users/paulomenon/.m2/repository/org/jboss/resteasy/resteasy-jackson2-provider/6.2.11.Final/resteasy-jackson2-provider-6.2.11.Final.jar:/Users/paulomenon/.m2/repository/org/jboss/resteasy/resteasy-core-spi/6.2.11.Final/resteasy-core-spi-6.2.11.Final.jar:/Users/paulomenon/.m2/repository/jakarta/ws/rs/jakarta.ws.rs-api/3.1.0/jakarta.ws.rs-api-3.1.0.jar:/Users/paulomenon/.m2/repository/org/reactivestreams/reactive-streams/1.0.4/reactive-streams-1.0.4.jar:/Users/paulomenon/.m2/repository/org/jboss/resteasy/resteasy-core/6.2.11.Final/resteasy-core-6.2.11.Final.jar:/Users/paulomenon/.m2/repository/org/eclipse/angus/angus-activation/2.0.2/angus-activation-2.0.2.jar:/Users/paulomenon/.m2/repository/com/ibm/async/asyncutil/0.1.0/asyncutil-0.1.0.jar:/Users/paulomenon/.m2/repository/com/fasterxml/jackson/core/jackson-core/2.18.2/jackson-core-2.18.2.jar:/Users/paulomenon/.m2/repository/com/fasterxml/jackson/core/jackson-annotations/2.18.2/jackson-annotations-2.18.2.jar:/Users/paulomenon/.m2/repository/com/fasterxml/jackson/jakarta/rs/jackson-jakarta-rs-base/2.18.2/jackson-jakarta-rs-base-2.18.2.jar:/Users/paulomenon/.m2/repository/com/fasterxml/jackson/jakarta/rs/jackson-jakarta-rs-json-provider/2.18.2/jackson-jakarta-rs-json-provider-2.18.2.jar:/Users/paulomenon/.m2/repository/com/fasterxml/jackson/module/jackson-module-jakarta-xmlbind-annotations/2.18.2/jackson-module-jakarta-xmlbind-annotations-2.18.2.jar:/Users/paulomenon/.m2/repository/com/github/java-json-tools/json-patch/1.13/json-patch-1.13.jar:/Users/paulomenon/.m2/repository/com/github/java-json-tools/msg-simple/1.2/msg-simple-1.2.jar:/Users/paulomenon/.m2/repository/com/github/java-json-tools/btf/1.3/btf-1.3.jar:/Users/paulomenon/.m2/repository/com/github/java-json-tools/jackson-coreutils/2.0/jackson-coreutils-2.0.jar:/Users/paulomenon/.m2/repository/jakarta/xml/bind/jakarta.xml.bind-api/4.0.2/jakarta.xml.bind-api-4.0.2.jar:/Users/paulomenon/.m2/repository/jakarta/activation/jakarta.activation-api/2.1.3/jakarta.activation-api-2.1.3.jar:/Users/paulomenon/.m2/repository/io/quarkus/quarkus-junit5/3.17.3/quarkus-junit5-3.17.3.jar:/Users/paulomenon/.m2/repository/io/quarkus/quarkus-bootstrap-core/3.17.3/quarkus-bootstrap-core-3.17.3.jar:/Users/paulomenon/.m2/repository/io/quarkus/quarkus-classloader-commons/3.17.3/quarkus-classloader-commons-3.17.3.jar:/Users/paulomenon/.m2/repository/io/quarkus/quarkus-bootstrap-app-model/3.17.3/quarkus-bootstrap-app-model-3.17.3.jar:/Users/paulomenon/.m2/repository/io/smallrye/common/smallrye-common-io/2.8.0/smallrye-common-io-2.8.0.jar:/Users/paulomenon/.m2/repository/org/eclipse/sisu/org.eclipse.sisu.inject/0.9.0.M3/org.eclipse.sisu.inject-0.9.0.M3.jar:/Users/paulomenon/.m2/repository/io/quarkus/quarkus-test-common/3.17.3/quarkus-test-common-3.17.3.jar:/Users/paulomenon/.m2/repository/io/quarkus/quarkus-core-deployment/3.17.3/quarkus-core-deployment-3.17.3.jar:/Users/paulomenon/.m2/repository/org/aesh/readline/2.6/readline-2.6.jar:/Users/paulomenon/.m2/repository/org/fusesource/jansi/jansi/2.4.0/jansi-2.4.0.jar:/Users/paulomenon/.m2/repository/org/aesh/aesh/2.8.2/aesh-2.8.2.jar:/Users/paulomenon/.m2/repository/io/quarkus/gizmo/gizmo/1.8.0/gizmo-1.8.0.jar:/Users/paulomenon/.m2/repository/org/ow2/asm/asm-util/9.7.1/asm-util-9.7.1.jar:/Users/paulomenon/.m2/repository/org/ow2/asm/asm-analysis/9.7.1/asm-analysis-9.7.1.jar:/Users/paulomenon/.m2/repository/org/ow2/asm/asm/9.7.1/asm-9.7.1.jar:/Users/paulomenon/.m2/repository/org/ow2/asm/asm-commons/9.7.1/asm-commons-9.7.1.jar:/Users/paulomenon/.m2/repository/org/ow2/asm/asm-tree/9.7.1/asm-tree-9.7.1.jar:/Users/paulomenon/.m2/repository/io/quarkus/quarkus-hibernate-validator-spi/3.17.3/quarkus-hibernate-validator-spi-3.17.3.jar:/Users/paulomenon/.m2/repository/io/quarkus/quarkus-class-change-agent/3.17.3/quarkus-class-change-agent-3.17.3.jar:/Users/paulomenon/.m2/repository/io/quarkus/quarkus-devtools-utilities/3.17.3/quarkus-devtools-utilities-3.17.3.jar:/Users/paulomenon/.m2/repository/io/quarkus/quarkus-builder/3.17.3/quarkus-builder-3.17.3.jar:/Users/paulomenon/.m2/repository/org/graalvm/sdk/nativeimage/23.1.2/nativeimage-23.1.2.jar:/Users/paulomenon/.m2/repository/org/graalvm/sdk/word/23.1.2/word-23.1.2.jar:/Users/paulomenon/.m2/repository/org/junit/platform/junit-platform-launcher/1.10.5/junit-platform-launcher-1.10.5.jar:/Users/paulomenon/.m2/repository/io/quarkus/quarkus-bootstrap-maven-resolver/3.17.3/quarkus-bootstrap-maven-resolver-3.17.3.jar:/Users/paulomenon/.m2/repository/io/smallrye/beanbag/smallrye-beanbag-maven/1.5.2/smallrye-beanbag-maven-1.5.2.jar:/Users/paulomenon/.m2/repository/io/smallrye/beanbag/smallrye-beanbag-sisu/1.5.2/smallrye-beanbag-sisu-1.5.2.jar:/Users/paulomenon/.m2/repository/io/smallrye/beanbag/smallrye-beanbag/1.5.2/smallrye-beanbag-1.5.2.jar:/Users/paulomenon/.m2/repository/javax/inject/javax.inject/1/javax.inject-1.jar:/Users/paulomenon/.m2/repository/org/apache/maven/maven-artifact/3.9.9/maven-artifact-3.9.9.jar:/Users/paulomenon/.m2/repository/org/apache/maven/maven-builder-support/3.9.9/maven-builder-support-3.9.9.jar:/Users/paulomenon/.m2/repository/org/apache/maven/maven-model/3.9.9/maven-model-3.9.9.jar:/Users/paulomenon/.m2/repository/org/apache/maven/maven-model-builder/3.9.9/maven-model-builder-3.9.9.jar:/Users/paulomenon/.m2/repository/org/apache/maven/maven-repository-metadata/3.9.9/maven-repository-metadata-3.9.9.jar:/Users/paulomenon/.m2/repository/org/apache/maven/maven-settings/3.9.9/maven-settings-3.9.9.jar:/Users/paulomenon/.m2/repository/org/apache/maven/resolver/maven-resolver-api/1.9.22/maven-resolver-api-1.9.22.jar:/Users/paulomenon/.m2/repository/org/apache/maven/resolver/maven-resolver-impl/1.9.22/maven-resolver-impl-1.9.22.jar:/Users/paulomenon/.m2/repository/org/apache/maven/resolver/maven-resolver-named-locks/1.9.22/maven-resolver-named-locks-1.9.22.jar:/Users/paulomenon/.m2/repository/org/apache/maven/resolver/maven-resolver-spi/1.9.22/maven-resolver-spi-1.9.22.jar:/Users/paulomenon/.m2/repository/org/apache/maven/resolver/maven-resolver-util/1.9.22/maven-resolver-util-1.9.22.jar:/Users/paulomenon/.m2/repository/org/apache/maven/resolver/maven-resolver-transport-http/1.9.20/maven-resolver-transport-http-1.9.20.jar:/Users/paulomenon/.m2/repository/org/apache/maven/wagon/wagon-provider-api/3.5.3/wagon-provider-api-3.5.3.jar:/Users/paulomenon/.m2/repository/org/apache/maven/wagon/wagon-http-shared/3.5.3/wagon-http-shared-3.5.3.jar:/Users/paulomenon/.m2/repository/org/codehaus/plexus/plexus-interpolation/1.26/plexus-interpolation-1.26.jar:/Users/paulomenon/.m2/repository/org/codehaus/plexus/plexus-utils/3.5.1/plexus-utils-3.5.1.jar:/Users/paulomenon/.m2/repository/org/codehaus/plexus/plexus-xml/4.0.1/plexus-xml-4.0.1.jar:/Users/paulomenon/.m2/repository/org/apache/maven/maven-xml-impl/4.0.0-alpha-5/maven-xml-impl-4.0.0-alpha-5.jar:/Users/paulomenon/.m2/repository/org/apache/maven/maven-api-xml/4.0.0-alpha-5/maven-api-xml-4.0.0-alpha-5.jar:/Users/paulomenon/.m2/repository/org/apache/maven/maven-api-meta/4.0.0-alpha-5/maven-api-meta-4.0.0-alpha-5.jar:/Users/paulomenon/.m2/repository/org/codehaus/plexus/plexus-cipher/2.0/plexus-cipher-2.0.jar:/Users/paulomenon/.m2/repository/org/codehaus/plexus/plexus-sec-dispatcher/2.0/plexus-sec-dispatcher-2.0.jar:/Users/paulomenon/.m2/repository/org/apache/maven/maven-embedder/3.9.9/maven-embedder-3.9.9.jar:/Users/paulomenon/.m2/repository/org/apache/maven/maven-core/3.9.9/maven-core-3.9.9.jar:/Users/paulomenon/.m2/repository/org/codehaus/plexus/plexus-component-annotations/2.1.0/plexus-component-annotations-2.1.0.jar:/Users/paulomenon/.m2/repository/org/apache/maven/maven-plugin-api/3.9.9/maven-plugin-api-3.9.9.jar:/Users/paulomenon/.m2/repository/org/apache/maven/shared/maven-shared-utils/3.4.2/maven-shared-utils-3.4.2.jar:/Users/paulomenon/.m2/repository/com/google/inject/guice/5.1.0/guice-5.1.0.jar:/Users/paulomenon/.m2/repository/aopalliance/aopalliance/1.0/aopalliance-1.0.jar:/Users/paulomenon/.m2/repository/com/google/guava/guava/33.3.1-jre/guava-33.3.1-jre.jar:/Users/paulomenon/.m2/repository/com/google/guava/failureaccess/1.0.1/failureaccess-1.0.1.jar:/Users/paulomenon/.m2/repository/javax/annotation/javax.annotation-api/1.3.2/javax.annotation-api-1.3.2.jar:/Users/paulomenon/.m2/repository/org/codehaus/plexus/plexus-classworlds/2.6.0/plexus-classworlds-2.6.0.jar:/Users/paulomenon/.m2/repository/commons-cli/commons-cli/1.8.0/commons-cli-1.8.0.jar:/Users/paulomenon/.m2/repository/org/eclipse/sisu/org.eclipse.sisu.plexus/0.9.0.M3/org.eclipse.sisu.plexus-0.9.0.M3.jar:/Users/paulomenon/.m2/repository/org/apache/maven/maven-settings-builder/3.9.9/maven-settings-builder-3.9.9.jar:/Users/paulomenon/.m2/repository/org/apache/maven/maven-resolver-provider/3.9.9/maven-resolver-provider-3.9.9.jar:/Users/paulomenon/.m2/repository/org/apache/maven/resolver/maven-resolver-connector-basic/1.9.22/maven-resolver-connector-basic-1.9.22.jar:/Users/paulomenon/.m2/repository/org/apache/maven/resolver/maven-resolver-transport-wagon/1.9.22/maven-resolver-transport-wagon-1.9.22.jar:/Users/paulomenon/.m2/repository/org/apache/maven/wagon/wagon-http/3.5.3/wagon-http-3.5.3.jar:/Users/paulomenon/.m2/repository/org/apache/maven/wagon/wagon-file/3.5.3/wagon-file-3.5.3.jar:/Users/paulomenon/.m2/repository/io/quarkus/quarkus-bootstrap-gradle-resolver/3.17.3/quarkus-bootstrap-gradle-resolver-3.17.3.jar:/Users/paulomenon/.m2/repository/io/smallrye/jandex/3.2.3/jandex-3.2.3.jar:/Users/paulomenon/.m2/repository/commons-io/commons-io/2.17.0/commons-io-2.17.0.jar:/Users/paulomenon/.m2/repository/org/jboss/logging/commons-logging-jboss-logging/1.0.0.Final/commons-logging-jboss-logging-1.0.0.Final.jar:/Users/paulomenon/.m2/repository/io/quarkus/quarkus-junit5-properties/3.17.3/quarkus-junit5-properties-3.17.3.jar:/Users/paulomenon/.m2/repository/org/junit/jupiter/junit-jupiter/5.10.5/junit-jupiter-5.10.5.jar:/Users/paulomenon/.m2/repository/org/junit/jupiter/junit-jupiter-api/5.10.5/junit-jupiter-api-5.10.5.jar:/Users/paulomenon/.m2/repository/org/opentest4j/opentest4j/1.3.0/opentest4j-1.3.0.jar:/Users/paulomenon/.m2/repository/org/junit/platform/junit-platform-commons/1.10.5/junit-platform-commons-1.10.5.jar:/Users/paulomenon/.m2/repository/org/apiguardian/apiguardian-api/1.1.2/apiguardian-api-1.1.2.jar:/Users/paulomenon/.m2/repository/org/junit/jupiter/junit-jupiter-params/5.10.5/junit-jupiter-params-5.10.5.jar:/Users/paulomenon/.m2/repository/org/junit/jupiter/junit-jupiter-engine/5.10.5/junit-jupiter-engine-5.10.5.jar:/Users/paulomenon/.m2/repository/org/junit/platform/junit-platform-engine/1.10.5/junit-platform-engine-1.10.5.jar:/Users/paulomenon/.m2/repository/org/jboss/marshalling/jboss-marshalling/2.2.1.Final/jboss-marshalling-2.2.1.Final.jar:/Users/paulomenon/.m2/repository/io/rest-assured/rest-assured/5.5.0/rest-assured-5.5.0.jar:/Users/paulomenon/.m2/repository/org/apache/groovy/groovy/4.0.22/groovy-4.0.22.jar:/Users/paulomenon/.m2/repository/org/apache/groovy/groovy-xml/4.0.22/groovy-xml-4.0.22.jar:/Users/paulomenon/.m2/repository/org/apache/httpcomponents/httpclient/4.5.14/httpclient-4.5.14.jar:/Users/paulomenon/.m2/repository/org/apache/httpcomponents/httpcore/4.4.16/httpcore-4.4.16.jar:/Users/paulomenon/.m2/repository/commons-codec/commons-codec/1.17.1/commons-codec-1.17.1.jar:/Users/paulomenon/.m2/repository/org/apache/httpcomponents/httpmime/4.5.14/httpmime-4.5.14.jar:/Users/paulomenon/.m2/repository/org/hamcrest/hamcrest/2.2/hamcrest-2.2.jar:/Users/paulomenon/.m2/repository/org/ccil/cowan/tagsoup/tagsoup/1.2.1/tagsoup-1.2.1.jar:/Users/paulomenon/.m2/repository/io/rest-assured/json-path/5.5.0/json-path-5.5.0.jar:/Users/paulomenon/.m2/repository/org/apache/groovy/groovy-json/4.0.22/groovy-json-4.0.22.jar:/Users/paulomenon/.m2/repository/io/rest-assured/rest-assured-common/5.5.0/rest-assured-common-5.5.0.jar:/Users/paulomenon/.m2/repository/io/rest-assured/xml-path/5.5.0/xml-path-5.5.0.jar:/Users/paulomenon/.m2/repository/org/apache/commons/commons-lang3/3.17.0/commons-lang3-3.17.0.jar:"/>
    <property name="java.vm.vendor" value="Homebrew"/>
    <property name="sun.arch.data.model" value="64"/>
    <property name="java.vendor.url" value="https://github.com/Homebrew/homebrew-core/issues"/>
    <property name="user.timezone" value="Europe/London"/>
    <property name="logging.initial-configurator.min-level" value="500"/>
    <property name="os.name" value="Mac OS X"/>
    <property name="java.vm.specification.version" value="17"/>
    <property name="sun.java.launcher" value="SUN_STANDARD"/>
    <property name="user.country" value="GB"/>
    <property name="groovy.use.classvalue" value="false"/>
    <property name="sun.boot.library.path" value="/usr/local/Cellar/openjdk@17/17.0.10/libexec/openjdk.jdk/Contents/Home/lib"/>
    <property name="sun.java.command" value="/Users/paulomenon/Documents/projects/LJC-demo/my-hello-app/target/surefire/surefirebooter-20241210215246983_3.jar /Users/paulomenon/Documents/projects/LJC-demo/my-hello-app/target/surefire 2024-12-10T21-52-46_907-jvmRun1 surefire-20241210215246983_1tmp surefire_0-20241210215246983_2tmp"/>
    <property name="http.nonProxyHosts" value="local|*.local|169.254/16|*.169.254/16"/>
    <property name="jdk.debug" value="release"/>
    <property name="maven.home" value="/usr/local/Cellar/maven/3.9.6/libexec"/>
    <property name="surefire.test.class.path" value="/Users/paulomenon/Documents/projects/LJC-demo/my-hello-app/target/test-classes:/Users/paulomenon/Documents/projects/LJC-demo/my-hello-app/target/classes:/Users/paulomenon/.m2/repository/io/quarkus/quarkus-arc/3.17.3/quarkus-arc-3.17.3.jar:/Users/paulomenon/.m2/repository/io/quarkus/arc/arc/3.17.3/arc-3.17.3.jar:/Users/paulomenon/.m2/repository/jakarta/enterprise/jakarta.enterprise.cdi-api/4.1.0/jakarta.enterprise.cdi-api-4.1.0.jar:/Users/paulomenon/.m2/repository/jakarta/enterprise/jakarta.enterprise.lang-model/4.1.0/jakarta.enterprise.lang-model-4.1.0.jar:/Users/paulomenon/.m2/repository/jakarta/el/jakarta.el-api/5.0.1/jakarta.el-api-5.0.1.jar:/Users/paulomenon/.m2/repository/jakarta/interceptor/jakarta.interceptor-api/2.2.0/jakarta.interceptor-api-2.2.0.jar:/Users/paulomenon/.m2/repository/jakarta/annotation/jakarta.annotation-api/3.0.0/jakarta.annotation-api-3.0.0.jar:/Users/paulomenon/.m2/repository/jakarta/transaction/jakarta.transaction-api/2.0.1/jakarta.transaction-api-2.0.1.jar:/Users/paulomenon/.m2/repository/io/smallrye/reactive/mutiny/2.6.2/mutiny-2.6.2.jar:/Users/paulomenon/.m2/repository/io/smallrye/common/smallrye-common-annotation/2.8.0/smallrye-common-annotation-2.8.0.jar:/Users/paulomenon/.m2/repository/org/jctools/jctools-core/4.0.5/jctools-core-4.0.5.jar:/Users/paulomenon/.m2/repository/org/jboss/logging/jboss-logging/3.6.1.Final/jboss-logging-3.6.1.Final.jar:/Users/paulomenon/.m2/repository/io/quarkus/quarkus-core/3.17.3/quarkus-core-3.17.3.jar:/Users/paulomenon/.m2/repository/jakarta/inject/jakarta.inject-api/2.0.1/jakarta.inject-api-2.0.1.jar:/Users/paulomenon/.m2/repository/io/smallrye/common/smallrye-common-os/2.8.0/smallrye-common-os-2.8.0.jar:/Users/paulomenon/.m2/repository/io/quarkus/quarkus-ide-launcher/3.17.3/quarkus-ide-launcher-3.17.3.jar:/Users/paulomenon/.m2/repository/io/quarkus/quarkus-development-mode-spi/3.17.3/quarkus-development-mode-spi-3.17.3.jar:/Users/paulomenon/.m2/repository/io/smallrye/config/smallrye-config/3.10.2/smallrye-config-3.10.2.jar:/Users/paulomenon/.m2/repository/io/smallrye/config/smallrye-config-core/3.10.2/smallrye-config-core-3.10.2.jar:/Users/paulomenon/.m2/repository/org/eclipse/microprofile/config/microprofile-config-api/3.1/microprofile-config-api-3.1.jar:/Users/paulomenon/.m2/repository/io/smallrye/common/smallrye-common-classloader/2.8.0/smallrye-common-classloader-2.8.0.jar:/Users/paulomenon/.m2/repository/io/smallrye/config/smallrye-config-common/3.10.2/smallrye-config-common-3.10.2.jar:/Users/paulomenon/.m2/repository/org/jboss/logmanager/jboss-logmanager/3.1.0.Final/jboss-logmanager-3.1.0.Final.jar:/Users/paulomenon/.m2/repository/io/smallrye/common/smallrye-common-constraint/2.8.0/smallrye-common-constraint-2.8.0.jar:/Users/paulomenon/.m2/repository/io/smallrye/common/smallrye-common-cpu/2.8.0/smallrye-common-cpu-2.8.0.jar:/Users/paulomenon/.m2/repository/io/smallrye/common/smallrye-common-expression/2.8.0/smallrye-common-expression-2.8.0.jar:/Users/paulomenon/.m2/repository/io/smallrye/common/smallrye-common-net/2.8.0/smallrye-common-net-2.8.0.jar:/Users/paulomenon/.m2/repository/io/smallrye/common/smallrye-common-ref/2.8.0/smallrye-common-ref-2.8.0.jar:/Users/paulomenon/.m2/repository/jakarta/json/jakarta.json-api/2.1.3/jakarta.json-api-2.1.3.jar:/Users/paulomenon/.m2/repository/org/eclipse/parsson/parsson/1.1.7/parsson-1.1.7.jar:/Users/paulomenon/.m2/repository/org/jboss/logging/jboss-logging-annotations/3.0.2.Final/jboss-logging-annotations-3.0.2.Final.jar:/Users/paulomenon/.m2/repository/org/jboss/threads/jboss-threads/3.8.0.Final/jboss-threads-3.8.0.Final.jar:/Users/paulomenon/.m2/repository/io/smallrye/common/smallrye-common-function/2.8.0/smallrye-common-function-2.8.0.jar:/Users/paulomenon/.m2/repository/org/slf4j/slf4j-api/2.0.6/slf4j-api-2.0.6.jar:/Users/paulomenon/.m2/repository/org/jboss/slf4j/slf4j-jboss-logmanager/2.0.0.Final/slf4j-jboss-logmanager-2.0.0.Final.jar:/Users/paulomenon/.m2/repository/org/wildfly/common/wildfly-common/1.7.0.Final/wildfly-common-1.7.0.Final.jar:/Users/paulomenon/.m2/repository/io/quarkus/quarkus-bootstrap-runner/3.17.3/quarkus-bootstrap-runner-3.17.3.jar:/Users/paulomenon/.m2/repository/io/github/crac/org-crac/0.1.3/org-crac-0.1.3.jar:/Users/paulomenon/.m2/repository/io/quarkus/quarkus-fs-util/0.0.10/quarkus-fs-util-0.0.10.jar:/Users/paulomenon/.m2/repository/org/eclipse/microprofile/context-propagation/microprofile-context-propagation-api/1.3/microprofile-context-propagation-api-1.3.jar:/Users/paulomenon/.m2/repository/io/quarkus/quarkus-resteasy-jackson/3.17.3/quarkus-resteasy-jackson-3.17.3.jar:/Users/paulomenon/.m2/repository/io/quarkus/quarkus-resteasy/3.17.3/quarkus-resteasy-3.17.3.jar:/Users/paulomenon/.m2/repository/io/quarkus/quarkus-vertx-http/3.17.3/quarkus-vertx-http-3.17.3.jar:/Users/paulomenon/.m2/repository/io/quarkus/quarkus-security-runtime-spi/3.17.3/quarkus-security-runtime-spi-3.17.3.jar:/Users/paulomenon/.m2/repository/io/quarkus/quarkus-tls-registry/3.17.3/quarkus-tls-registry-3.17.3.jar:/Users/paulomenon/.m2/repository/io/quarkus/quarkus-credentials/3.17.3/quarkus-credentials-3.17.3.jar:/Users/paulomenon/.m2/repository/io/quarkus/quarkus-mutiny/3.17.3/quarkus-mutiny-3.17.3.jar:/Users/paulomenon/.m2/repository/io/quarkus/quarkus-smallrye-context-propagation/3.17.3/quarkus-smallrye-context-propagation-3.17.3.jar:/Users/paulomenon/.m2/repository/io/smallrye/smallrye-context-propagation/2.1.2/smallrye-context-propagation-2.1.2.jar:/Users/paulomenon/.m2/repository/io/smallrye/smallrye-context-propagation-api/2.1.2/smallrye-context-propagation-api-2.1.2.jar:/Users/paulomenon/.m2/repository/io/smallrye/smallrye-context-propagation-storage/2.1.2/smallrye-context-propagation-storage-2.1.2.jar:/Users/paulomenon/.m2/repository/io/smallrye/reactive/mutiny-smallrye-context-propagation/2.6.2/mutiny-smallrye-context-propagation-2.6.2.jar:/Users/paulomenon/.m2/repository/io/smallrye/common/smallrye-common-vertx-context/2.8.0/smallrye-common-vertx-context-2.8.0.jar:/Users/paulomenon/.m2/repository/io/vertx/vertx-core/4.5.11/vertx-core-4.5.11.jar:/Users/paulomenon/.m2/repository/io/netty/netty-common/4.1.115.Final/netty-common-4.1.115.Final.jar:/Users/paulomenon/.m2/repository/io/netty/netty-buffer/4.1.115.Final/netty-buffer-4.1.115.Final.jar:/Users/paulomenon/.m2/repository/io/netty/netty-transport/4.1.115.Final/netty-transport-4.1.115.Final.jar:/Users/paulomenon/.m2/repository/io/netty/netty-handler/4.1.115.Final/netty-handler-4.1.115.Final.jar:/Users/paulomenon/.m2/repository/io/netty/netty-transport-native-unix-common/4.1.115.Final/netty-transport-native-unix-common-4.1.115.Final.jar:/Users/paulomenon/.m2/repository/io/netty/netty-handler-proxy/4.1.115.Final/netty-handler-proxy-4.1.115.Final.jar:/Users/paulomenon/.m2/repository/io/netty/netty-codec-socks/4.1.115.Final/netty-codec-socks-4.1.115.Final.jar:/Users/paulomenon/.m2/repository/io/netty/netty-codec-http/4.1.115.Final/netty-codec-http-4.1.115.Final.jar:/Users/paulomenon/.m2/repository/io/netty/netty-codec-http2/4.1.115.Final/netty-codec-http2-4.1.115.Final.jar:/Users/paulomenon/.m2/repository/io/netty/netty-resolver/4.1.115.Final/netty-resolver-4.1.115.Final.jar:/Users/paulomenon/.m2/repository/io/netty/netty-resolver-dns/4.1.115.Final/netty-resolver-dns-4.1.115.Final.jar:/Users/paulomenon/.m2/repository/io/netty/netty-codec-dns/4.1.115.Final/netty-codec-dns-4.1.115.Final.jar:/Users/paulomenon/.m2/repository/io/quarkus/security/quarkus-security/2.2.0/quarkus-security-2.2.0.jar:/Users/paulomenon/.m2/repository/io/quarkus/quarkus-vertx/3.17.3/quarkus-vertx-3.17.3.jar:/Users/paulomenon/.m2/repository/io/quarkus/quarkus-netty/3.17.3/quarkus-netty-3.17.3.jar:/Users/paulomenon/.m2/repository/io/netty/netty-codec/4.1.115.Final/netty-codec-4.1.115.Final.jar:/Users/paulomenon/.m2/repository/io/netty/netty-codec-haproxy/4.1.115.Final/netty-codec-haproxy-4.1.115.Final.jar:/Users/paulomenon/.m2/repository/io/quarkus/quarkus-virtual-threads/3.17.3/quarkus-virtual-threads-3.17.3.jar:/Users/paulomenon/.m2/repository/io/quarkus/quarkus-vertx-latebound-mdc-provider/3.17.3/quarkus-vertx-latebound-mdc-provider-3.17.3.jar:/Users/paulomenon/.m2/repository/io/smallrye/reactive/smallrye-mutiny-vertx-core/3.16.0/smallrye-mutiny-vertx-core-3.16.0.jar:/Users/paulomenon/.m2/repository/io/smallrye/reactive/smallrye-mutiny-vertx-runtime/3.16.0/smallrye-mutiny-vertx-runtime-3.16.0.jar:/Users/paulomenon/.m2/repository/io/smallrye/reactive/vertx-mutiny-generator/3.16.0/vertx-mutiny-generator-3.16.0.jar:/Users/paulomenon/.m2/repository/io/vertx/vertx-codegen/4.5.11/vertx-codegen-4.5.11.jar:/Users/paulomenon/.m2/repository/io/smallrye/smallrye-fault-tolerance-vertx/6.6.3/smallrye-fault-tolerance-vertx-6.6.3.jar:/Users/paulomenon/.m2/repository/io/smallrye/reactive/smallrye-mutiny-vertx-web/3.16.0/smallrye-mutiny-vertx-web-3.16.0.jar:/Users/paulomenon/.m2/repository/io/smallrye/reactive/smallrye-mutiny-vertx-web-common/3.16.0/smallrye-mutiny-vertx-web-common-3.16.0.jar:/Users/paulomenon/.m2/repository/io/smallrye/reactive/smallrye-mutiny-vertx-auth-common/3.16.0/smallrye-mutiny-vertx-auth-common-3.16.0.jar:/Users/paulomenon/.m2/repository/io/smallrye/reactive/smallrye-mutiny-vertx-bridge-common/3.16.0/smallrye-mutiny-vertx-bridge-common-3.16.0.jar:/Users/paulomenon/.m2/repository/io/smallrye/reactive/smallrye-mutiny-vertx-uri-template/3.16.0/smallrye-mutiny-vertx-uri-template-3.16.0.jar:/Users/paulomenon/.m2/repository/io/vertx/vertx-uri-template/4.5.11/vertx-uri-template-4.5.11.jar:/Users/paulomenon/.m2/repository/io/vertx/vertx-web/4.5.11/vertx-web-4.5.11.jar:/Users/paulomenon/.m2/repository/io/vertx/vertx-web-common/4.5.11/vertx-web-common-4.5.11.jar:/Users/paulomenon/.m2/repository/io/vertx/vertx-auth-common/4.5.11/vertx-auth-common-4.5.11.jar:/Users/paulomenon/.m2/repository/io/vertx/vertx-bridge-common/4.5.11/vertx-bridge-common-4.5.11.jar:/Users/paulomenon/.m2/repository/com/aayushatharva/brotli4j/brotli4j/1.16.0/brotli4j-1.16.0.jar:/Users/paulomenon/.m2/repository/com/aayushatharva/brotli4j/service/1.16.0/service-1.16.0.jar:/Users/paulomenon/.m2/repository/com/aayushatharva/brotli4j/native-osx-x86_64/1.16.0/native-osx-x86_64-1.16.0.jar:/Users/paulomenon/.m2/repository/io/quarkus/vertx/utils/quarkus-vertx-utils/3.17.3/quarkus-vertx-utils-3.17.3.jar:/Users/paulomenon/.m2/repository/io/quarkus/quarkus-resteasy-server-common/3.17.3/quarkus-resteasy-server-common-3.17.3.jar:/Users/paulomenon/.m2/repository/io/quarkus/quarkus-resteasy-common/3.17.3/quarkus-resteasy-common-3.17.3.jar:/Users/paulomenon/.m2/repository/org/jboss/resteasy/microprofile/microprofile-config/3.0.0.Final/microprofile-config-3.0.0.Final.jar:/Users/paulomenon/.m2/repository/jakarta/servlet/jakarta.servlet-api/6.0.0/jakarta.servlet-api-6.0.0.jar:/Users/paulomenon/.m2/repository/org/jboss/resteasy/resteasy-cdi/6.2.11.Final/resteasy-cdi-6.2.11.Final.jar:/Users/paulomenon/.m2/repository/jakarta/validation/jakarta.validation-api/3.0.2/jakarta.validation-api-3.0.2.jar:/Users/paulomenon/.m2/repository/io/quarkus/quarkus-jackson/3.17.3/quarkus-jackson-3.17.3.jar:/Users/paulomenon/.m2/repository/com/fasterxml/jackson/core/jackson-databind/2.18.2/jackson-databind-2.18.2.jar:/Users/paulomenon/.m2/repository/com/fasterxml/jackson/datatype/jackson-datatype-jsr310/2.18.2/jackson-datatype-jsr310-2.18.2.jar:/Users/paulomenon/.m2/repository/com/fasterxml/jackson/datatype/jackson-datatype-jdk8/2.18.2/jackson-datatype-jdk8-2.18.2.jar:/Users/paulomenon/.m2/repository/com/fasterxml/jackson/module/jackson-module-parameter-names/2.18.2/jackson-module-parameter-names-2.18.2.jar:/Users/paulomenon/.m2/repository/org/jboss/resteasy/resteasy-jackson2-provider/6.2.11.Final/resteasy-jackson2-provider-6.2.11.Final.jar:/Users/paulomenon/.m2/repository/org/jboss/resteasy/resteasy-core-spi/6.2.11.Final/resteasy-core-spi-6.2.11.Final.jar:/Users/paulomenon/.m2/repository/jakarta/ws/rs/jakarta.ws.rs-api/3.1.0/jakarta.ws.rs-api-3.1.0.jar:/Users/paulomenon/.m2/repository/org/reactivestreams/reactive-streams/1.0.4/reactive-streams-1.0.4.jar:/Users/paulomenon/.m2/repository/org/jboss/resteasy/resteasy-core/6.2.11.Final/resteasy-core-6.2.11.Final.jar:/Users/paulomenon/.m2/repository/org/eclipse/angus/angus-activation/2.0.2/angus-activation-2.0.2.jar:/Users/paulomenon/.m2/repository/com/ibm/async/asyncutil/0.1.0/asyncutil-0.1.0.jar:/Users/paulomenon/.m2/repository/com/fasterxml/jackson/core/jackson-core/2.18.2/jackson-core-2.18.2.jar:/Users/paulomenon/.m2/repository/com/fasterxml/jackson/core/jackson-annotations/2.18.2/jackson-annotations-2.18.2.jar:/Users/paulomenon/.m2/repository/com/fasterxml/jackson/jakarta/rs/jackson-jakarta-rs-base/2.18.2/jackson-jakarta-rs-base-2.18.2.jar:/Users/paulomenon/.m2/repository/com/fasterxml/jackson/jakarta/rs/jackson-jakarta-rs-json-provider/2.18.2/jackson-jakarta-rs-json-provider-2.18.2.jar:/Users/paulomenon/.m2/repository/com/fasterxml/jackson/module/jackson-module-jakarta-xmlbind-annotations/2.18.2/jackson-module-jakarta-xmlbind-annotations-2.18.2.jar:/Users/paulomenon/.m2/repository/com/github/java-json-tools/json-patch/1.13/json-patch-1.13.jar:/Users/paulomenon/.m2/repository/com/github/java-json-tools/msg-simple/1.2/msg-simple-1.2.jar:/Users/paulomenon/.m2/repository/com/github/java-json-tools/btf/1.3/btf-1.3.jar:/Users/paulomenon/.m2/repository/com/github/java-json-tools/jackson-coreutils/2.0/jackson-coreutils-2.0.jar:/Users/paulomenon/.m2/repository/jakarta/xml/bind/jakarta.xml.bind-api/4.0.2/jakarta.xml.bind-api-4.0.2.jar:/Users/paulomenon/.m2/repository/jakarta/activation/jakarta.activation-api/2.1.3/jakarta.activation-api-2.1.3.jar:/Users/paulomenon/.m2/repository/io/quarkus/quarkus-junit5/3.17.3/quarkus-junit5-3.17.3.jar:/Users/paulomenon/.m2/repository/io/quarkus/quarkus-bootstrap-core/3.17.3/quarkus-bootstrap-core-3.17.3.jar:/Users/paulomenon/.m2/repository/io/quarkus/quarkus-classloader-commons/3.17.3/quarkus-classloader-commons-3.17.3.jar:/Users/paulomenon/.m2/repository/io/quarkus/quarkus-bootstrap-app-model/3.17.3/quarkus-bootstrap-app-model-3.17.3.jar:/Users/paulomenon/.m2/repository/io/smallrye/common/smallrye-common-io/2.8.0/smallrye-common-io-2.8.0.jar:/Users/paulomenon/.m2/repository/org/eclipse/sisu/org.eclipse.sisu.inject/0.9.0.M3/org.eclipse.sisu.inject-0.9.0.M3.jar:/Users/paulomenon/.m2/repository/io/quarkus/quarkus-test-common/3.17.3/quarkus-test-common-3.17.3.jar:/Users/paulomenon/.m2/repository/io/quarkus/quarkus-core-deployment/3.17.3/quarkus-core-deployment-3.17.3.jar:/Users/paulomenon/.m2/repository/org/aesh/readline/2.6/readline-2.6.jar:/Users/paulomenon/.m2/repository/org/fusesource/jansi/jansi/2.4.0/jansi-2.4.0.jar:/Users/paulomenon/.m2/repository/org/aesh/aesh/2.8.2/aesh-2.8.2.jar:/Users/paulomenon/.m2/repository/io/quarkus/gizmo/gizmo/1.8.0/gizmo-1.8.0.jar:/Users/paulomenon/.m2/repository/org/ow2/asm/asm-util/9.7.1/asm-util-9.7.1.jar:/Users/paulomenon/.m2/repository/org/ow2/asm/asm-analysis/9.7.1/asm-analysis-9.7.1.jar:/Users/paulomenon/.m2/repository/org/ow2/asm/asm/9.7.1/asm-9.7.1.jar:/Users/paulomenon/.m2/repository/org/ow2/asm/asm-commons/9.7.1/asm-commons-9.7.1.jar:/Users/paulomenon/.m2/repository/org/ow2/asm/asm-tree/9.7.1/asm-tree-9.7.1.jar:/Users/paulomenon/.m2/repository/io/quarkus/quarkus-hibernate-validator-spi/3.17.3/quarkus-hibernate-validator-spi-3.17.3.jar:/Users/paulomenon/.m2/repository/io/quarkus/quarkus-class-change-agent/3.17.3/quarkus-class-change-agent-3.17.3.jar:/Users/paulomenon/.m2/repository/io/quarkus/quarkus-devtools-utilities/3.17.3/quarkus-devtools-utilities-3.17.3.jar:/Users/paulomenon/.m2/repository/io/quarkus/quarkus-builder/3.17.3/quarkus-builder-3.17.3.jar:/Users/paulomenon/.m2/repository/org/graalvm/sdk/nativeimage/23.1.2/nativeimage-23.1.2.jar:/Users/paulomenon/.m2/repository/org/graalvm/sdk/word/23.1.2/word-23.1.2.jar:/Users/paulomenon/.m2/repository/org/junit/platform/junit-platform-launcher/1.10.5/junit-platform-launcher-1.10.5.jar:/Users/paulomenon/.m2/repository/io/quarkus/quarkus-bootstrap-maven-resolver/3.17.3/quarkus-bootstrap-maven-resolver-3.17.3.jar:/Users/paulomenon/.m2/repository/io/smallrye/beanbag/smallrye-beanbag-maven/1.5.2/smallrye-beanbag-maven-1.5.2.jar:/Users/paulomenon/.m2/repository/io/smallrye/beanbag/smallrye-beanbag-sisu/1.5.2/smallrye-beanbag-sisu-1.5.2.jar:/Users/paulomenon/.m2/repository/io/smallrye/beanbag/smallrye-beanbag/1.5.2/smallrye-beanbag-1.5.2.jar:/Users/paulomenon/.m2/repository/javax/inject/javax.inject/1/javax.inject-1.jar:/Users/paulomenon/.m2/repository/org/apache/maven/maven-artifact/3.9.9/maven-artifact-3.9.9.jar:/Users/paulomenon/.m2/repository/org/apache/maven/maven-builder-support/3.9.9/maven-builder-support-3.9.9.jar:/Users/paulomenon/.m2/repository/org/apache/maven/maven-model/3.9.9/maven-model-3.9.9.jar:/Users/paulomenon/.m2/repository/org/apache/maven/maven-model-builder/3.9.9/maven-model-builder-3.9.9.jar:/Users/paulomenon/.m2/repository/org/apache/maven/maven-repository-metadata/3.9.9/maven-repository-metadata-3.9.9.jar:/Users/paulomenon/.m2/repository/org/apache/maven/maven-settings/3.9.9/maven-settings-3.9.9.jar:/Users/paulomenon/.m2/repository/org/apache/maven/resolver/maven-resolver-api/1.9.22/maven-resolver-api-1.9.22.jar:/Users/paulomenon/.m2/repository/org/apache/maven/resolver/maven-resolver-impl/1.9.22/maven-resolver-impl-1.9.22.jar:/Users/paulomenon/.m2/repository/org/apache/maven/resolver/maven-resolver-named-locks/1.9.22/maven-resolver-named-locks-1.9.22.jar:/Users/paulomenon/.m2/repository/org/apache/maven/resolver/maven-resolver-spi/1.9.22/maven-resolver-spi-1.9.22.jar:/Users/paulomenon/.m2/repository/org/apache/maven/resolver/maven-resolver-util/1.9.22/maven-resolver-util-1.9.22.jar:/Users/paulomenon/.m2/repository/org/apache/maven/resolver/maven-resolver-transport-http/1.9.20/maven-resolver-transport-http-1.9.20.jar:/Users/paulomenon/.m2/repository/org/apache/maven/wagon/wagon-provider-api/3.5.3/wagon-provider-api-3.5.3.jar:/Users/paulomenon/.m2/repository/org/apache/maven/wagon/wagon-http-shared/3.5.3/wagon-http-shared-3.5.3.jar:/Users/paulomenon/.m2/repository/org/codehaus/plexus/plexus-interpolation/1.26/plexus-interpolation-1.26.jar:/Users/paulomenon/.m2/repository/org/codehaus/plexus/plexus-utils/3.5.1/plexus-utils-3.5.1.jar:/Users/paulomenon/.m2/repository/org/codehaus/plexus/plexus-xml/4.0.1/plexus-xml-4.0.1.jar:/Users/paulomenon/.m2/repository/org/apache/maven/maven-xml-impl/4.0.0-alpha-5/maven-xml-impl-4.0.0-alpha-5.jar:/Users/paulomenon/.m2/repository/org/apache/maven/maven-api-xml/4.0.0-alpha-5/maven-api-xml-4.0.0-alpha-5.jar:/Users/paulomenon/.m2/repository/org/apache/maven/maven-api-meta/4.0.0-alpha-5/maven-api-meta-4.0.0-alpha-5.jar:/Users/paulomenon/.m2/repository/org/codehaus/plexus/plexus-cipher/2.0/plexus-cipher-2.0.jar:/Users/paulomenon/.m2/repository/org/codehaus/plexus/plexus-sec-dispatcher/2.0/plexus-sec-dispatcher-2.0.jar:/Users/paulomenon/.m2/repository/org/apache/maven/maven-embedder/3.9.9/maven-embedder-3.9.9.jar:/Users/paulomenon/.m2/repository/org/apache/maven/maven-core/3.9.9/maven-core-3.9.9.jar:/Users/paulomenon/.m2/repository/org/codehaus/plexus/plexus-component-annotations/2.1.0/plexus-component-annotations-2.1.0.jar:/Users/paulomenon/.m2/repository/org/apache/maven/maven-plugin-api/3.9.9/maven-plugin-api-3.9.9.jar:/Users/paulomenon/.m2/repository/org/apache/maven/shared/maven-shared-utils/3.4.2/maven-shared-utils-3.4.2.jar:/Users/paulomenon/.m2/repository/com/google/inject/guice/5.1.0/guice-5.1.0.jar:/Users/paulomenon/.m2/repository/aopalliance/aopalliance/1.0/aopalliance-1.0.jar:/Users/paulomenon/.m2/repository/com/google/guava/guava/33.3.1-jre/guava-33.3.1-jre.jar:/Users/paulomenon/.m2/repository/com/google/guava/failureaccess/1.0.1/failureaccess-1.0.1.jar:/Users/paulomenon/.m2/repository/javax/annotation/javax.annotation-api/1.3.2/javax.annotation-api-1.3.2.jar:/Users/paulomenon/.m2/repository/org/codehaus/plexus/plexus-classworlds/2.6.0/plexus-classworlds-2.6.0.jar:/Users/paulomenon/.m2/repository/commons-cli/commons-cli/1.8.0/commons-cli-1.8.0.jar:/Users/paulomenon/.m2/repository/org/eclipse/sisu/org.eclipse.sisu.plexus/0.9.0.M3/org.eclipse.sisu.plexus-0.9.0.M3.jar:/Users/paulomenon/.m2/repository/org/apache/maven/maven-settings-builder/3.9.9/maven-settings-builder-3.9.9.jar:/Users/paulomenon/.m2/repository/org/apache/maven/maven-resolver-provider/3.9.9/maven-resolver-provider-3.9.9.jar:/Users/paulomenon/.m2/repository/org/apache/maven/resolver/maven-resolver-connector-basic/1.9.22/maven-resolver-connector-basic-1.9.22.jar:/Users/paulomenon/.m2/repository/org/apache/maven/resolver/maven-resolver-transport-wagon/1.9.22/maven-resolver-transport-wagon-1.9.22.jar:/Users/paulomenon/.m2/repository/org/apache/maven/wagon/wagon-http/3.5.3/wagon-http-3.5.3.jar:/Users/paulomenon/.m2/repository/org/apache/maven/wagon/wagon-file/3.5.3/wagon-file-3.5.3.jar:/Users/paulomenon/.m2/repository/io/quarkus/quarkus-bootstrap-gradle-resolver/3.17.3/quarkus-bootstrap-gradle-resolver-3.17.3.jar:/Users/paulomenon/.m2/repository/io/smallrye/jandex/3.2.3/jandex-3.2.3.jar:/Users/paulomenon/.m2/repository/commons-io/commons-io/2.17.0/commons-io-2.17.0.jar:/Users/paulomenon/.m2/repository/org/jboss/logging/commons-logging-jboss-logging/1.0.0.Final/commons-logging-jboss-logging-1.0.0.Final.jar:/Users/paulomenon/.m2/repository/io/quarkus/quarkus-junit5-properties/3.17.3/quarkus-junit5-properties-3.17.3.jar:/Users/paulomenon/.m2/repository/org/junit/jupiter/junit-jupiter/5.10.5/junit-jupiter-5.10.5.jar:/Users/paulomenon/.m2/repository/org/junit/jupiter/junit-jupiter-api/5.10.5/junit-jupiter-api-5.10.5.jar:/Users/paulomenon/.m2/repository/org/opentest4j/opentest4j/1.3.0/opentest4j-1.3.0.jar:/Users/paulomenon/.m2/repository/org/junit/platform/junit-platform-commons/1.10.5/junit-platform-commons-1.10.5.jar:/Users/paulomenon/.m2/repository/org/apiguardian/apiguardian-api/1.1.2/apiguardian-api-1.1.2.jar:/Users/paulomenon/.m2/repository/org/junit/jupiter/junit-jupiter-params/5.10.5/junit-jupiter-params-5.10.5.jar:/Users/paulomenon/.m2/repository/org/junit/jupiter/junit-jupiter-engine/5.10.5/junit-jupiter-engine-5.10.5.jar:/Users/paulomenon/.m2/repository/org/junit/platform/junit-platform-engine/1.10.5/junit-platform-engine-1.10.5.jar:/Users/paulomenon/.m2/repository/org/jboss/marshalling/jboss-marshalling/2.2.1.Final/jboss-marshalling-2.2.1.Final.jar:/Users/paulomenon/.m2/repository/io/rest-assured/rest-assured/5.5.0/rest-assured-5.5.0.jar:/Users/paulomenon/.m2/repository/org/apache/groovy/groovy/4.0.22/groovy-4.0.22.jar:/Users/paulomenon/.m2/repository/org/apache/groovy/groovy-xml/4.0.22/groovy-xml-4.0.22.jar:/Users/paulomenon/.m2/repository/org/apache/httpcomponents/httpclient/4.5.14/httpclient-4.5.14.jar:/Users/paulomenon/.m2/repository/org/apache/httpcomponents/httpcore/4.4.16/httpcore-4.4.16.jar:/Users/paulomenon/.m2/repository/commons-codec/commons-codec/1.17.1/commons-codec-1.17.1.jar:/Users/paulomenon/.m2/repository/org/apache/httpcomponents/httpmime/4.5.14/httpmime-4.5.14.jar:/Users/paulomenon/.m2/repository/org/hamcrest/hamcrest/2.2/hamcrest-2.2.jar:/Users/paulomenon/.m2/repository/org/ccil/cowan/tagsoup/tagsoup/1.2.1/tagsoup-1.2.1.jar:/Users/paulomenon/.m2/repository/io/rest-assured/json-path/5.5.0/json-path-5.5.0.jar:/Users/paulomenon/.m2/repository/org/apache/groovy/groovy-json/4.0.22/groovy-json-4.0.22.jar:/Users/paulomenon/.m2/repository/io/rest-assured/rest-assured-common/5.5.0/rest-assured-common-5.5.0.jar:/Users/paulomenon/.m2/repository/io/rest-assured/xml-path/5.5.0/xml-path-5.5.0.jar:/Users/paulomenon/.m2/repository/org/apache/commons/commons-lang3/3.17.0/commons-lang3-3.17.0.jar:"/>
    <property name="sun.cpu.endian" value="little"/>
    <property name="vertx.disableWebsockets" value="true"/>
    <property name="user.home" value="/Users/paulomenon"/>
    <property name="user.language" value="en"/>
    <property name="jboss.log-version" value="false"/>
    <property name="java.specification.vendor" value="Oracle Corporation"/>
    <property name="io.netty.allocator.maxOrder" value="3"/>
    <property name="java.version.date" value="2024-01-16"/>
    <property name="java.home" value="/usr/local/Cellar/openjdk@17/17.0.10/libexec/openjdk.jdk/Contents/Home"/>
    <property name="file.separator" value="/"/>
    <property name="basedir" value="/Users/paulomenon/Documents/projects/LJC-demo/my-hello-app"/>
    <property name="java.vm.compressedOopsMode" value="Zero based"/>
    <property name="line.separator" value="&#10;"/>
    <property name="java.vm.specification.vendor" value="Oracle Corporation"/>
    <property name="java.specification.name" value="Java Platform API Specification"/>
    <property name="surefire.real.class.path" value="/Users/paulomenon/Documents/projects/LJC-demo/my-hello-app/target/surefire/surefirebooter-20241210215246983_3.jar"/>
    <property name="sun.management.compiler" value="HotSpot 64-Bit Tiered Compilers"/>
    <property name="ftp.nonProxyHosts" value="local|*.local|169.254/16|*.169.254/16"/>
    <property name="java.runtime.version" value="17.0.10+0"/>
    <property name="user.name" value="paulomenon"/>
    <property name="dev.resteasy.exception.mapper" value="false"/>
    <property name="path.separator" value=":"/>
    <property name="os.version" value="15.1.1"/>
    <property name="java.runtime.name" value="OpenJDK Runtime Environment"/>
    <property name="file.encoding" value="UTF-8"/>
    <property name="java.vm.name" value="OpenJDK 64-Bit Server VM"/>
    <property name="java.vendor.version" value="Homebrew"/>
    <property name="localRepository" value="/Users/paulomenon/.m2/repository"/>
    <property name="java.vendor.url.bug" value="https://github.com/Homebrew/homebrew-core/issues"/>
    <property name="java.io.tmpdir" value="/var/folders/z3/264tkjq92v3260rl3bctwcph0000gn/T/"/>
    <property name="quarkus.log.file.path" value="target/quarkus.log"/>
    <property name="java.version" value="17.0.10"/>
    <property name="java.util.concurrent.ForkJoinPool.common.threadFactory" value="io.quarkus.bootstrap.forkjoin.QuarkusForkJoinWorkerThreadFactory"/>
    <property name="user.dir" value="/Users/paulomenon/Documents/projects/LJC-demo/my-hello-app"/>
    <property name="os.arch" value="x86_64"/>
    <property name="java.vm.specification.name" value="Java Virtual Machine Specification"/>
    <property name="vertx.disableDnsResolver" value="true"/>
    <property name="native.encoding" value="UTF-8"/>
    <property name="java.util.logging.manager" value="org.jboss.logmanager.LogManager"/>
    <property name="java.library.path" value="/Users/paulomenon/Library/Java/Extensions:/Library/Java/Extensions:/Network/Library/Java/Extensions:/System/Library/Java/Extensions:/usr/lib/java:."/>
    <property name="jdk.console" value="java.base"/>
    <property name="java.vm.info" value="mixed mode, sharing"/>
    <property name="java.vendor" value="Homebrew"/>
    <property name="vertx.disableTCCL" value="true"/>
    <property name="java.vm.version" value="17.0.10+0"/>
    <property name="sun.io.unicode.encoding" value="UnicodeBig"/>
    <property name="io.netty.machineId" value="55:83:35:91:e8:0c:07:c0"/>
    <property name="socksNonProxyHosts" value="local|*.local|169.254/16|*.169.254/16"/>
    <property name="java.class.version" value="61.0"/>
  </properties>
  <testcase name="testWelcomeMessage" classname="org.pamenon.GreetingEventTest" time="0.991">
    <system-out><![CDATA[2024-12-10 21:52:52,203 INFO  [io.quarkus] (main) my-hello-app 1.0.0-SNAPSHOT on JVM (powered by Quarkus 3.17.3) started in 2.128s. Listening on: http://localhost:8081
2024-12-10 21:52:52,205 INFO  [io.quarkus] (main) Profile test activated. 
2024-12-10 21:52:52,205 INFO  [io.quarkus] (main) Installed features: [cdi, resteasy, resteasy-jackson, smallrye-context-propagation, vertx]
Request method:	POST
Request URI:	http://localhost:8081/welcome
Proxy:			<none>
Request params:	<none>
Query params:	<none>
Form params:	<none>
Path params:	<none>
Headers:		Accept=*/*
				Content-Type=application/json
Cookies:		<none>
Multiparts:		<none>
Body:
{
    "name": "London Java Community",
    "location": "Red Hat"
}
]]></system-out>
  </testcase>
</testsuite>